/*C8*/SET SCHEMA PUBLIC
INSERT INTO PRODUTOS VALUES(25,'Mesa azul','Mesa com 4 p\u00e9s.')
COMMIT
/*C9*/SET SCHEMA PUBLIC
INSERT INTO PRODUTOS VALUES(26,'Mesa azul','Mesa com 4 p\u00e9s.')
COMMIT
SET SCHEMA PUBLIC
DISCONNECT
/*C10*/SET SCHEMA PUBLIC
INSERT INTO PRODUTOS VALUES(27,'Mesa azul','Mesa com 4 p\u00e9s.')
COMMIT
DELETE FROM PRODUTOS WHERE ID=27
INSERT INTO PRODUTOS VALUES(27,'Mesa vermelha','Mesa com seis lugares.')
COMMIT
SET SCHEMA PUBLIC
DISCONNECT
/*C8*/SET SCHEMA PUBLIC
DISCONNECT
/*C11*/SET SCHEMA PUBLIC
INSERT INTO PRODUTOS VALUES(28,'Mesa azul','Mesa com 4 p\u00e9s.')
COMMIT
DELETE FROM PRODUTOS WHERE ID=28
INSERT INTO PRODUTOS VALUES(28,'Mesa vermelha','Mesa com seis lugares.')
COMMIT
DELETE FROM PRODUTOS WHERE ID=28
COMMIT
SET SCHEMA PUBLIC
DISCONNECT
/*C7*/SET SCHEMA PUBLIC
DELETE FROM PRODUTOS WHERE ID=22
DELETE FROM PRODUTOS WHERE ID=23
DELETE FROM PRODUTOS WHERE ID=24
DELETE FROM PRODUTOS WHERE ID=25
DELETE FROM PRODUTOS WHERE ID=26
DELETE FROM PRODUTOS WHERE ID=27
COMMIT
/*C12*/SET SCHEMA PUBLIC
INSERT INTO PRODUTOS VALUES(29,'Mesa azul','Mesa com 4 p\u00e9s.')
COMMIT
DELETE FROM PRODUTOS WHERE ID=29
INSERT INTO PRODUTOS VALUES(29,'Mesa vermelha','Mesa com seis lugares.')
COMMIT
DELETE FROM PRODUTOS WHERE ID=29
COMMIT
SET SCHEMA PUBLIC
DISCONNECT
/*C13*/SET SCHEMA PUBLIC
DISCONNECT
/*C14*/SET SCHEMA PUBLIC
INSERT INTO PRODUTOS VALUES(30,'Mesa azul','Mesa com 4 p\u00e9s.')
COMMIT
SET SCHEMA PUBLIC
DISCONNECT
/*C15*/SET SCHEMA PUBLIC
DELETE FROM PRODUTOS WHERE ID=30
COMMIT
SET SCHEMA PUBLIC
DISCONNECT
/*C16*/SET SCHEMA PUBLIC
DISCONNECT
/*C17*/SET SCHEMA PUBLIC
INSERT INTO PRODUTOS VALUES(31,'Mesa azul','Mesa com 4 p\u00e9s.')
COMMIT
SET SCHEMA PUBLIC
DISCONNECT
/*C18*/SET SCHEMA PUBLIC
DELETE FROM PRODUTOS WHERE ID=31
COMMIT
SET SCHEMA PUBLIC
DISCONNECT
